<?xml version="1.0" encoding="UTF-8"?>
<testng-results skipped="0" failed="0" ignored="0" total="1" passed="1">
  <reporter-output>
  </reporter-output>
  <suite name="Suite" duration-ms="96024" started-at="2019-09-04T09:44:44 IST" finished-at="2019-09-04T09:46:20 IST">
    <groups>
    </groups>
    <test name="Test" duration-ms="96024" started-at="2019-09-04T09:44:44 IST" finished-at="2019-09-04T09:46:20 IST">
      <class name="testMaven.MavenTest">
        <test-method status="PASS" signature="run()[pri:0, instance:testMaven.MavenTest@7791a895]" name="run" duration-ms="95951" started-at="2019-09-04T09:44:44 IST" finished-at="2019-09-04T09:46:20 IST">
          <reporter-output>
          </reporter-output>
        </test-method> <!-- run -->
      </class> <!-- testMaven.MavenTest -->
    </test> <!-- Test -->
  </suite> <!-- Suite -->
</testng-results>
